<?xml version="1.0" encoding="UTF-8"?>
<!-- Generated by org.testng.reporters.JUnitReportReporter -->
<testsuite hostname="Subash-Windows" name="jirarestassured.ValidateJiraApi" tests="2" failures="0" timestamp="28 Jan 2018 07:33:40 GMT" time="1.821" errors="0">
  <testcase name="createIssue" time="1.675" classname="jirarestassured.ValidateJiraApi"/>
  <testcase name="addComment" time="0.146" classname="jirarestassured.ValidateJiraApi"/>
</testsuite> <!-- jirarestassured.ValidateJiraApi -->
