<?xml version="1.0" encoding="UTF-8"?>
<!-- Generated by org.testng.reporters.JUnitReportReporter -->
<testsuite hostname="Subash-Windows" name="basicspackage.AllElementsOfResponse" tests="1" failures="0" timestamp="2 Feb 2018 04:24:11 GMT" time="1.290" errors="0">
  <testcase name="getAllElements" time="1.290" classname="basicspackage.AllElementsOfResponse"/>
</testsuite> <!-- basicspackage.AllElementsOfResponse -->
