<?xml version="1.0" encoding="UTF-8"?>
<!-- Generated by org.testng.reporters.JUnitReportReporter -->
<testsuite hostname="Subash-Windows" name="basicspackage.AllElementsOfResponse" tests="1" failures="0" timestamp="28 Jan 2018 07:34:33 GMT" time="2.680" errors="0">
  <testcase name="getAllElements" time="2.680" classname="basicspackage.AllElementsOfResponse"/>
</testsuite> <!-- basicspackage.AllElementsOfResponse -->
