<?xml version="1.0" encoding="UTF-8"?>
<!-- Generated by org.testng.reporters.JUnitReportReporter -->
<testsuite hostname="Subash-Windows" name="jirarestassured.ValidateJiraApi" tests="2" failures="0" timestamp="2 Feb 2018 04:24:11 GMT" time="0.820" errors="0">
  <testcase name="addComment" time="0.147" classname="jirarestassured.ValidateJiraApi"/>
  <testcase name="createIssue" time="0.673" classname="jirarestassured.ValidateJiraApi"/>
</testsuite> <!-- jirarestassured.ValidateJiraApi -->
