<?xml version="1.0" encoding="UTF-8"?>
<!-- Generated by org.testng.reporters.JUnitReportReporter -->
<testsuite hostname="Subash-Windows" name="com.mycompany.app.SearchProducts" tests="1" failures="0" timestamp="30 Jan 2018 03:21:17 GMT" time="33.494" errors="0">
  <testcase name="searchProduct" time="33.494" classname="com.mycompany.app.SearchProducts"/>
</testsuite> <!-- com.mycompany.app.SearchProducts -->
